{"C:\\Users\\diego\\Desktop\\CUARTO INFORMATICA\\FD\\2025\\practica-fd\\gymtonic\\frontend\\src\\index.js": {"path":"C:\\Users\\diego\\Desktop\\CUARTO INFORMATICA\\FD\\2025\\practica-fd\\gymtonic\\frontend\\src\\index.js","statementMap":{"0":{"start":{"line":9,"column":0},"end":{"line":9,"column":58}},"1":{"start":{"line":10,"column":0},"end":{"line":10,"column":24}}},"fnMap":{},"branchMap":{},"s":{"0":0,"1":0},"f":{},"b":{}}
,"C:\\Users\\diego\\Desktop\\CUARTO INFORMATICA\\FD\\2025\\practica-fd\\gymtonic\\frontend\\src\\registerServiceWorker.js": {"path":"C:\\Users\\diego\\Desktop\\CUARTO INFORMATICA\\FD\\2025\\practica-fd\\gymtonic\\frontend\\src\\registerServiceWorker.js","statementMap":{"0":{"start":{"line":11,"column":20},"end":{"line":19,"column":1}},"1":{"start":{"line":22,"column":2},"end":{"line":52,"column":3}},"2":{"start":{"line":24,"column":22},"end":{"line":24,"column":70}},"3":{"start":{"line":25,"column":4},"end":{"line":30,"column":5}},"4":{"start":{"line":29,"column":6},"end":{"line":29,"column":13}},"5":{"start":{"line":32,"column":4},"end":{"line":51,"column":7}},"6":{"start":{"line":33,"column":20},"end":{"line":33,"column":65}},"7":{"start":{"line":35,"column":6},"end":{"line":50,"column":7}},"8":{"start":{"line":37,"column":8},"end":{"line":37,"column":39}},"9":{"start":{"line":41,"column":8},"end":{"line":46,"column":11}},"10":{"start":{"line":42,"column":10},"end":{"line":45,"column":12}},"11":{"start":{"line":49,"column":8},"end":{"line":49,"column":31}},"12":{"start":{"line":56,"column":2},"end":{"line":81,"column":7}},"13":{"start":{"line":59,"column":6},"end":{"line":77,"column":8}},"14":{"start":{"line":60,"column":33},"end":{"line":60,"column":56}},"15":{"start":{"line":61,"column":8},"end":{"line":76,"column":10}},"16":{"start":{"line":62,"column":10},"end":{"line":75,"column":11}},"17":{"start":{"line":63,"column":12},"end":{"line":74,"column":13}},"18":{"start":{"line":68,"column":14},"end":{"line":68,"column":71}},"19":{"start":{"line":73,"column":14},"end":{"line":73,"column":64}},"20":{"start":{"line":80,"column":6},"end":{"line":80,"column":72}},"21":{"start":{"line":86,"column":2},"end":{"line":108,"column":7}},"22":{"start":{"line":89,"column":6},"end":{"line":102,"column":7}},"23":{"start":{"line":94,"column":8},"end":{"line":98,"column":11}},"24":{"start":{"line":95,"column":10},"end":{"line":97,"column":13}},"25":{"start":{"line":96,"column":12},"end":{"line":96,"column":37}},"26":{"start":{"line":101,"column":8},"end":{"line":101,"column":31}},"27":{"start":{"line":105,"column":6},"end":{"line":107,"column":8}},"28":{"start":{"line":112,"column":2},"end":{"line":116,"column":3}},"29":{"start":{"line":113,"column":4},"end":{"line":115,"column":7}},"30":{"start":{"line":114,"column":6},"end":{"line":114,"column":32}}},"fnMap":{"0":{"name":"register","decl":{"start":{"line":21,"column":24},"end":{"line":21,"column":32}},"loc":{"start":{"line":21,"column":35},"end":{"line":53,"column":1}},"line":21},"1":{"name":"(anonymous_1)","decl":{"start":{"line":32,"column":36},"end":{"line":32,"column":37}},"loc":{"start":{"line":32,"column":42},"end":{"line":51,"column":5}},"line":32},"2":{"name":"(anonymous_2)","decl":{"start":{"line":41,"column":43},"end":{"line":41,"column":44}},"loc":{"start":{"line":41,"column":49},"end":{"line":46,"column":9}},"line":41},"3":{"name":"registerValidSW","decl":{"start":{"line":55,"column":9},"end":{"line":55,"column":24}},"loc":{"start":{"line":55,"column":32},"end":{"line":82,"column":1}},"line":55},"4":{"name":"(anonymous_4)","decl":{"start":{"line":58,"column":10},"end":{"line":58,"column":11}},"loc":{"start":{"line":58,"column":26},"end":{"line":78,"column":5}},"line":58},"5":{"name":"(anonymous_5)","decl":{"start":{"line":59,"column":35},"end":{"line":59,"column":36}},"loc":{"start":{"line":59,"column":41},"end":{"line":77,"column":7}},"line":59},"6":{"name":"(anonymous_6)","decl":{"start":{"line":61,"column":41},"end":{"line":61,"column":42}},"loc":{"start":{"line":61,"column":47},"end":{"line":76,"column":9}},"line":61},"7":{"name":"(anonymous_7)","decl":{"start":{"line":79,"column":11},"end":{"line":79,"column":12}},"loc":{"start":{"line":79,"column":20},"end":{"line":81,"column":5}},"line":79},"8":{"name":"checkValidServiceWorker","decl":{"start":{"line":84,"column":9},"end":{"line":84,"column":32}},"loc":{"start":{"line":84,"column":40},"end":{"line":109,"column":1}},"line":84},"9":{"name":"(anonymous_9)","decl":{"start":{"line":87,"column":10},"end":{"line":87,"column":11}},"loc":{"start":{"line":87,"column":22},"end":{"line":103,"column":5}},"line":87},"10":{"name":"(anonymous_10)","decl":{"start":{"line":94,"column":43},"end":{"line":94,"column":44}},"loc":{"start":{"line":94,"column":59},"end":{"line":98,"column":9}},"line":94},"11":{"name":"(anonymous_11)","decl":{"start":{"line":95,"column":41},"end":{"line":95,"column":42}},"loc":{"start":{"line":95,"column":47},"end":{"line":97,"column":11}},"line":95},"12":{"name":"(anonymous_12)","decl":{"start":{"line":104,"column":11},"end":{"line":104,"column":12}},"loc":{"start":{"line":104,"column":17},"end":{"line":108,"column":5}},"line":104},"13":{"name":"unregister","decl":{"start":{"line":111,"column":16},"end":{"line":111,"column":26}},"loc":{"start":{"line":111,"column":29},"end":{"line":117,"column":1}},"line":111},"14":{"name":"(anonymous_14)","decl":{"start":{"line":113,"column":39},"end":{"line":113,"column":40}},"loc":{"start":{"line":113,"column":55},"end":{"line":115,"column":5}},"line":113}},"branchMap":{"0":{"loc":{"start":{"line":12,"column":2},"end":{"line":18,"column":5}},"type":"binary-expr","locations":[{"start":{"line":12,"column":2},"end":{"line":12,"column":42}},{"start":{"line":14,"column":4},"end":{"line":14,"column":40}},{"start":{"line":16,"column":4},"end":{"line":18,"column":5}}],"line":12},"1":{"loc":{"start":{"line":22,"column":2},"end":{"line":52,"column":3}},"type":"if","locations":[{"start":{"line":22,"column":2},"end":{"line":52,"column":3}},{"start":{},"end":{}}],"line":22},"2":{"loc":{"start":{"line":22,"column":6},"end":{"line":22,"column":75}},"type":"binary-expr","locations":[{"start":{"line":22,"column":6},"end":{"line":22,"column":43}},{"start":{"line":22,"column":47},"end":{"line":22,"column":75}}],"line":22},"3":{"loc":{"start":{"line":25,"column":4},"end":{"line":30,"column":5}},"type":"if","locations":[{"start":{"line":25,"column":4},"end":{"line":30,"column":5}},{"start":{},"end":{}}],"line":25},"4":{"loc":{"start":{"line":35,"column":6},"end":{"line":50,"column":7}},"type":"if","locations":[{"start":{"line":35,"column":6},"end":{"line":50,"column":7}},{"start":{"line":47,"column":13},"end":{"line":50,"column":7}}],"line":35},"5":{"loc":{"start":{"line":62,"column":10},"end":{"line":75,"column":11}},"type":"if","locations":[{"start":{"line":62,"column":10},"end":{"line":75,"column":11}},{"start":{},"end":{}}],"line":62},"6":{"loc":{"start":{"line":63,"column":12},"end":{"line":74,"column":13}},"type":"if","locations":[{"start":{"line":63,"column":12},"end":{"line":74,"column":13}},{"start":{"line":69,"column":19},"end":{"line":74,"column":13}}],"line":63},"7":{"loc":{"start":{"line":89,"column":6},"end":{"line":102,"column":7}},"type":"if","locations":[{"start":{"line":89,"column":6},"end":{"line":102,"column":7}},{"start":{"line":99,"column":13},"end":{"line":102,"column":7}}],"line":89},"8":{"loc":{"start":{"line":90,"column":8},"end":{"line":91,"column":73}},"type":"binary-expr","locations":[{"start":{"line":90,"column":8},"end":{"line":90,"column":31}},{"start":{"line":91,"column":8},"end":{"line":91,"column":73}}],"line":90},"9":{"loc":{"start":{"line":112,"column":2},"end":{"line":116,"column":3}},"type":"if","locations":[{"start":{"line":112,"column":2},"end":{"line":116,"column":3}},{"start":{},"end":{}}],"line":112}},"s":{"0":0,"1":0,"2":0,"3":0,"4":0,"5":0,"6":0,"7":0,"8":0,"9":0,"10":0,"11":0,"12":0,"13":0,"14":0,"15":0,"16":0,"17":0,"18":0,"19":0,"20":0,"21":0,"22":0,"23":0,"24":0,"25":0,"26":0,"27":0,"28":0,"29":0,"30":0},"f":{"0":0,"1":0,"2":0,"3":0,"4":0,"5":0,"6":0,"7":0,"8":0,"9":0,"10":0,"11":0,"12":0,"13":0,"14":0},"b":{"0":[0,0,0],"1":[0,0],"2":[0,0],"3":[0,0],"4":[0,0],"5":[0,0],"6":[0,0],"7":[0,0],"8":[0,0],"9":[0,0]}}
,"C:\\Users\\diego\\Desktop\\CUARTO INFORMATICA\\FD\\2025\\practica-fd\\gymtonic\\frontend\\src\\backend\\NetworkError.js": {"path":"C:\\Users\\diego\\Desktop\\CUARTO INFORMATICA\\FD\\2025\\practica-fd\\gymtonic\\frontend\\src\\backend\\NetworkError.js","statementMap":{"0":{"start":{"line":3,"column":4},"end":{"line":3,"column":36}}},"fnMap":{"0":{"name":"(anonymous_0)","decl":{"start":{"line":2,"column":2},"end":{"line":2,"column":3}},"loc":{"start":{"line":2,"column":16},"end":{"line":4,"column":3}},"line":2}},"branchMap":{},"s":{"0":0},"f":{"0":0},"b":{}}
,"C:\\Users\\diego\\Desktop\\CUARTO INFORMATICA\\FD\\2025\\practica-fd\\gymtonic\\frontend\\src\\backend\\appFetch.js": {"path":"C:\\Users\\diego\\Desktop\\CUARTO INFORMATICA\\FD\\2025\\practica-fd\\gymtonic\\frontend\\src\\backend\\appFetch.js","statementMap":{"0":{"start":{"line":7,"column":15},"end":{"line":11,"column":1}},"1":{"start":{"line":8,"column":22},"end":{"line":8,"column":58}},"2":{"start":{"line":10,"column":2},"end":{"line":10,"column":71}},"3":{"start":{"line":13,"column":25},"end":{"line":34,"column":1}},"4":{"start":{"line":14,"column":2},"end":{"line":16,"column":3}},"5":{"start":{"line":15,"column":4},"end":{"line":15,"column":17}},"6":{"start":{"line":18,"column":2},"end":{"line":20,"column":3}},"7":{"start":{"line":19,"column":4},"end":{"line":19,"column":16}},"8":{"start":{"line":22,"column":2},"end":{"line":25,"column":3}},"9":{"start":{"line":23,"column":4},"end":{"line":23,"column":16}},"10":{"start":{"line":24,"column":4},"end":{"line":24,"column":16}},"11":{"start":{"line":27,"column":2},"end":{"line":31,"column":3}},"12":{"start":{"line":28,"column":4},"end":{"line":28,"column":58}},"13":{"start":{"line":28,"column":38},"end":{"line":28,"column":56}},"14":{"start":{"line":30,"column":4},"end":{"line":30,"column":52}},"15":{"start":{"line":30,"column":35},"end":{"line":30,"column":50}},"16":{"start":{"line":33,"column":2},"end":{"line":33,"column":14}},"17":{"start":{"line":36,"column":26},"end":{"line":59,"column":1}},"18":{"start":{"line":37,"column":2},"end":{"line":39,"column":3}},"19":{"start":{"line":38,"column":4},"end":{"line":38,"column":17}},"20":{"start":{"line":41,"column":2},"end":{"line":44,"column":3}},"21":{"start":{"line":42,"column":4},"end":{"line":42,"column":31}},"22":{"start":{"line":43,"column":4},"end":{"line":43,"column":16}},"23":{"start":{"line":46,"column":2},"end":{"line":48,"column":3}},"24":{"start":{"line":47,"column":4},"end":{"line":47,"column":29}},"25":{"start":{"line":50,"column":2},"end":{"line":56,"column":3}},"26":{"start":{"line":51,"column":4},"end":{"line":55,"column":7}},"27":{"start":{"line":52,"column":6},"end":{"line":54,"column":7}},"28":{"start":{"line":53,"column":8},"end":{"line":53,"column":26}},"29":{"start":{"line":58,"column":2},"end":{"line":58,"column":14}},"30":{"start":{"line":61,"column":23},"end":{"line":71,"column":1}},"31":{"start":{"line":62,"column":2},"end":{"line":64,"column":3}},"32":{"start":{"line":63,"column":4},"end":{"line":63,"column":11}},"33":{"start":{"line":66,"column":2},"end":{"line":68,"column":3}},"34":{"start":{"line":67,"column":4},"end":{"line":67,"column":11}},"35":{"start":{"line":70,"column":2},"end":{"line":70,"column":27}},"36":{"start":{"line":73,"column":20},"end":{"line":73,"column":67}},"37":{"start":{"line":73,"column":35},"end":{"line":73,"column":66}},"38":{"start":{"line":75,"column":43},"end":{"line":76,"column":39}},"39":{"start":{"line":76,"column":3},"end":{"line":76,"column":38}},"40":{"start":{"line":78,"column":31},"end":{"line":79,"column":65}},"41":{"start":{"line":79,"column":2},"end":{"line":79,"column":65}},"42":{"start":{"line":81,"column":31},"end":{"line":82,"column":51}},"43":{"start":{"line":82,"column":2},"end":{"line":82,"column":51}},"44":{"start":{"line":84,"column":34},"end":{"line":85,"column":54}},"45":{"start":{"line":85,"column":2},"end":{"line":85,"column":54}},"46":{"start":{"line":87,"column":27},"end":{"line":112,"column":1}},"47":{"start":{"line":88,"column":18},"end":{"line":90,"column":3}},"48":{"start":{"line":92,"column":2},"end":{"line":99,"column":3}},"49":{"start":{"line":93,"column":4},"end":{"line":98,"column":5}},"50":{"start":{"line":94,"column":6},"end":{"line":94,"column":26}},"51":{"start":{"line":96,"column":6},"end":{"line":96,"column":63}},"52":{"start":{"line":97,"column":6},"end":{"line":97,"column":42}},"53":{"start":{"line":101,"column":23},"end":{"line":101,"column":40}},"54":{"start":{"line":103,"column":2},"end":{"line":109,"column":3}},"55":{"start":{"line":104,"column":4},"end":{"line":108,"column":5}},"56":{"start":{"line":105,"column":6},"end":{"line":105,"column":66}},"57":{"start":{"line":107,"column":6},"end":{"line":107,"column":68}},"58":{"start":{"line":111,"column":2},"end":{"line":111,"column":17}},"59":{"start":{"line":114,"column":24},"end":{"line":117,"column":32}},"60":{"start":{"line":115,"column":2},"end":{"line":117,"column":32}},"61":{"start":{"line":116,"column":24},"end":{"line":116,"column":69}}},"fnMap":{"0":{"name":"(anonymous_0)","decl":{"start":{"line":7,"column":15},"end":{"line":7,"column":16}},"loc":{"start":{"line":7,"column":29},"end":{"line":11,"column":1}},"line":7},"1":{"name":"(anonymous_1)","decl":{"start":{"line":13,"column":25},"end":{"line":13,"column":26}},"loc":{"start":{"line":13,"column":50},"end":{"line":34,"column":1}},"line":13},"2":{"name":"(anonymous_2)","decl":{"start":{"line":28,"column":25},"end":{"line":28,"column":26}},"loc":{"start":{"line":28,"column":38},"end":{"line":28,"column":56}},"line":28},"3":{"name":"(anonymous_3)","decl":{"start":{"line":30,"column":25},"end":{"line":30,"column":26}},"loc":{"start":{"line":30,"column":35},"end":{"line":30,"column":50}},"line":30},"4":{"name":"(anonymous_4)","decl":{"start":{"line":36,"column":26},"end":{"line":36,"column":27}},"loc":{"start":{"line":36,"column":50},"end":{"line":59,"column":1}},"line":36},"5":{"name":"(anonymous_5)","decl":{"start":{"line":51,"column":25},"end":{"line":51,"column":26}},"loc":{"start":{"line":51,"column":38},"end":{"line":55,"column":5}},"line":51},"6":{"name":"(anonymous_6)","decl":{"start":{"line":61,"column":23},"end":{"line":61,"column":24}},"loc":{"start":{"line":61,"column":58},"end":{"line":71,"column":1}},"line":61},"7":{"name":"(anonymous_7)","decl":{"start":{"line":73,"column":20},"end":{"line":73,"column":21}},"loc":{"start":{"line":73,"column":35},"end":{"line":73,"column":66}},"line":73},"8":{"name":"(anonymous_8)","decl":{"start":{"line":75,"column":43},"end":{"line":75,"column":44}},"loc":{"start":{"line":76,"column":3},"end":{"line":76,"column":38}},"line":76},"9":{"name":"(anonymous_9)","decl":{"start":{"line":78,"column":31},"end":{"line":78,"column":32}},"loc":{"start":{"line":79,"column":2},"end":{"line":79,"column":65}},"line":79},"10":{"name":"(anonymous_10)","decl":{"start":{"line":81,"column":31},"end":{"line":81,"column":32}},"loc":{"start":{"line":82,"column":2},"end":{"line":82,"column":51}},"line":82},"11":{"name":"(anonymous_11)","decl":{"start":{"line":84,"column":34},"end":{"line":84,"column":35}},"loc":{"start":{"line":85,"column":2},"end":{"line":85,"column":54}},"line":85},"12":{"name":"(anonymous_12)","decl":{"start":{"line":87,"column":27},"end":{"line":87,"column":28}},"loc":{"start":{"line":87,"column":45},"end":{"line":112,"column":1}},"line":87},"13":{"name":"(anonymous_13)","decl":{"start":{"line":114,"column":24},"end":{"line":114,"column":25}},"loc":{"start":{"line":115,"column":2},"end":{"line":117,"column":32}},"line":115},"14":{"name":"(anonymous_14)","decl":{"start":{"line":116,"column":10},"end":{"line":116,"column":11}},"loc":{"start":{"line":116,"column":24},"end":{"line":116,"column":69}},"line":116}},"branchMap":{"0":{"loc":{"start":{"line":10,"column":9},"end":{"line":10,"column":70}},"type":"binary-expr","locations":[{"start":{"line":10,"column":9},"end":{"line":10,"column":20}},{"start":{"line":10,"column":24},"end":{"line":10,"column":70}}],"line":10},"1":{"loc":{"start":{"line":14,"column":2},"end":{"line":16,"column":3}},"type":"if","locations":[{"start":{"line":14,"column":2},"end":{"line":16,"column":3}},{"start":{},"end":{}}],"line":14},"2":{"loc":{"start":{"line":18,"column":2},"end":{"line":20,"column":3}},"type":"if","locations":[{"start":{"line":18,"column":2},"end":{"line":20,"column":3}},{"start":{},"end":{}}],"line":18},"3":{"loc":{"start":{"line":22,"column":2},"end":{"line":25,"column":3}},"type":"if","locations":[{"start":{"line":22,"column":2},"end":{"line":25,"column":3}},{"start":{},"end":{}}],"line":22},"4":{"loc":{"start":{"line":27,"column":2},"end":{"line":31,"column":3}},"type":"if","locations":[{"start":{"line":27,"column":2},"end":{"line":31,"column":3}},{"start":{"line":29,"column":9},"end":{"line":31,"column":3}}],"line":27},"5":{"loc":{"start":{"line":37,"column":2},"end":{"line":39,"column":3}},"type":"if","locations":[{"start":{"line":37,"column":2},"end":{"line":39,"column":3}},{"start":{},"end":{}}],"line":37},"6":{"loc":{"start":{"line":37,"column":6},"end":{"line":37,"column":53}},"type":"binary-expr","locations":[{"start":{"line":37,"column":6},"end":{"line":37,"column":27}},{"start":{"line":37,"column":31},"end":{"line":37,"column":53}}],"line":37},"7":{"loc":{"start":{"line":41,"column":2},"end":{"line":44,"column":3}},"type":"if","locations":[{"start":{"line":41,"column":2},"end":{"line":44,"column":3}},{"start":{},"end":{}}],"line":41},"8":{"loc":{"start":{"line":41,"column":6},"end":{"line":41,"column":57}},"type":"binary-expr","locations":[{"start":{"line":41,"column":6},"end":{"line":41,"column":29}},{"start":{"line":41,"column":33},"end":{"line":41,"column":57}}],"line":41},"9":{"loc":{"start":{"line":46,"column":2},"end":{"line":48,"column":3}},"type":"if","locations":[{"start":{"line":46,"column":2},"end":{"line":48,"column":3}},{"start":{},"end":{}}],"line":46},"10":{"loc":{"start":{"line":50,"column":2},"end":{"line":56,"column":3}},"type":"if","locations":[{"start":{"line":50,"column":2},"end":{"line":56,"column":3}},{"start":{},"end":{}}],"line":50},"11":{"loc":{"start":{"line":52,"column":6},"end":{"line":54,"column":7}},"type":"if","locations":[{"start":{"line":52,"column":6},"end":{"line":54,"column":7}},{"start":{},"end":{}}],"line":52},"12":{"loc":{"start":{"line":52,"column":10},"end":{"line":52,"column":52}},"type":"binary-expr","locations":[{"start":{"line":52,"column":10},"end":{"line":52,"column":29}},{"start":{"line":52,"column":33},"end":{"line":52,"column":52}}],"line":52},"13":{"loc":{"start":{"line":62,"column":2},"end":{"line":64,"column":3}},"type":"if","locations":[{"start":{"line":62,"column":2},"end":{"line":64,"column":3}},{"start":{},"end":{}}],"line":62},"14":{"loc":{"start":{"line":66,"column":2},"end":{"line":68,"column":3}},"type":"if","locations":[{"start":{"line":66,"column":2},"end":{"line":68,"column":3}},{"start":{},"end":{}}],"line":66},"15":{"loc":{"start":{"line":92,"column":2},"end":{"line":99,"column":3}},"type":"if","locations":[{"start":{"line":92,"column":2},"end":{"line":99,"column":3}},{"start":{},"end":{}}],"line":92},"16":{"loc":{"start":{"line":93,"column":4},"end":{"line":98,"column":5}},"type":"if","locations":[{"start":{"line":93,"column":4},"end":{"line":98,"column":5}},{"start":{"line":95,"column":11},"end":{"line":98,"column":5}}],"line":93},"17":{"loc":{"start":{"line":103,"column":2},"end":{"line":109,"column":3}},"type":"if","locations":[{"start":{"line":103,"column":2},"end":{"line":109,"column":3}},{"start":{},"end":{}}],"line":103},"18":{"loc":{"start":{"line":104,"column":4},"end":{"line":108,"column":5}},"type":"if","locations":[{"start":{"line":104,"column":4},"end":{"line":108,"column":5}},{"start":{"line":106,"column":11},"end":{"line":108,"column":5}}],"line":104}},"s":{"0":0,"1":0,"2":0,"3":0,"4":0,"5":0,"6":0,"7":0,"8":0,"9":0,"10":0,"11":0,"12":0,"13":0,"14":0,"15":0,"16":0,"17":0,"18":0,"19":0,"20":0,"21":0,"22":0,"23":0,"24":0,"25":0,"26":0,"27":0,"28":0,"29":0,"30":0,"31":0,"32":0,"33":0,"34":0,"35":0,"36":0,"37":0,"38":0,"39":0,"40":0,"41":0,"42":0,"43":0,"44":0,"45":0,"46":0,"47":0,"48":0,"49":0,"50":0,"51":0,"52":0,"53":0,"54":0,"55":0,"56":0,"57":0,"58":0,"59":0,"60":0,"61":0},"f":{"0":0,"1":0,"2":0,"3":0,"4":0,"5":0,"6":0,"7":0,"8":0,"9":0,"10":0,"11":0,"12":0,"13":0,"14":0},"b":{"0":[0,0],"1":[0,0],"2":[0,0],"3":[0,0],"4":[0,0],"5":[0,0],"6":[0,0],"7":[0,0],"8":[0,0],"9":[0,0],"10":[0,0],"11":[0,0],"12":[0,0],"13":[0,0],"14":[0,0],"15":[0,0],"16":[0,0],"17":[0,0],"18":[0,0]}}
,"C:\\Users\\diego\\Desktop\\CUARTO INFORMATICA\\FD\\2025\\practica-fd\\gymtonic\\frontend\\src\\backend\\index.js": {"path":"C:\\Users\\diego\\Desktop\\CUARTO INFORMATICA\\FD\\2025\\practica-fd\\gymtonic\\frontend\\src\\backend\\index.js","statementMap":{},"fnMap":{},"branchMap":{},"s":{},"f":{},"b":{}}
,"C:\\Users\\diego\\Desktop\\CUARTO INFORMATICA\\FD\\2025\\practica-fd\\gymtonic\\frontend\\src\\backend\\userService.js": {"path":"C:\\Users\\diego\\Desktop\\CUARTO INFORMATICA\\FD\\2025\\practica-fd\\gymtonic\\frontend\\src\\backend\\userService.js","statementMap":{"0":{"start":{"line":10,"column":27},"end":{"line":14,"column":1}},"1":{"start":{"line":11,"column":2},"end":{"line":11,"column":50}},"2":{"start":{"line":12,"column":2},"end":{"line":12,"column":56}},"3":{"start":{"line":13,"column":2},"end":{"line":13,"column":31}},"4":{"start":{"line":16,"column":21},"end":{"line":30,"column":3}},"5":{"start":{"line":23,"column":2},"end":{"line":30,"column":3}},"6":{"start":{"line":27,"column":6},"end":{"line":27,"column":70}},"7":{"start":{"line":32,"column":40},"end":{"line":51,"column":1}},"8":{"start":{"line":36,"column":23},"end":{"line":36,"column":40}},"9":{"start":{"line":38,"column":2},"end":{"line":41,"column":3}},"10":{"start":{"line":39,"column":4},"end":{"line":39,"column":16}},"11":{"start":{"line":40,"column":4},"end":{"line":40,"column":11}},"12":{"start":{"line":43,"column":2},"end":{"line":43,"column":56}},"13":{"start":{"line":45,"column":2},"end":{"line":50,"column":4}},"14":{"start":{"line":48,"column":27},"end":{"line":48,"column":55}},"15":{"start":{"line":49,"column":10},"end":{"line":49,"column":30}},"16":{"start":{"line":53,"column":22},"end":{"line":62,"column":1}},"17":{"start":{"line":54,"column":2},"end":{"line":61,"column":4}},"18":{"start":{"line":58,"column":6},"end":{"line":58,"column":70}},"19":{"start":{"line":64,"column":22},"end":{"line":64,"column":48}},"20":{"start":{"line":64,"column":28},"end":{"line":64,"column":48}},"21":{"start":{"line":66,"column":29},"end":{"line":67,"column":78}},"22":{"start":{"line":67,"column":2},"end":{"line":67,"column":78}},"23":{"start":{"line":69,"column":30},"end":{"line":81,"column":3}},"24":{"start":{"line":76,"column":2},"end":{"line":81,"column":3}}},"fnMap":{"0":{"name":"(anonymous_0)","decl":{"start":{"line":10,"column":27},"end":{"line":10,"column":28}},"loc":{"start":{"line":10,"column":76},"end":{"line":14,"column":1}},"line":10},"1":{"name":"(anonymous_1)","decl":{"start":{"line":16,"column":21},"end":{"line":16,"column":22}},"loc":{"start":{"line":23,"column":2},"end":{"line":30,"column":3}},"line":23},"2":{"name":"(anonymous_2)","decl":{"start":{"line":26,"column":4},"end":{"line":26,"column":5}},"loc":{"start":{"line":26,"column":27},"end":{"line":28,"column":5}},"line":26},"3":{"name":"(anonymous_3)","decl":{"start":{"line":32,"column":40},"end":{"line":32,"column":41}},"loc":{"start":{"line":35,"column":5},"end":{"line":51,"column":1}},"line":35},"4":{"name":"(anonymous_4)","decl":{"start":{"line":48,"column":4},"end":{"line":48,"column":5}},"loc":{"start":{"line":48,"column":27},"end":{"line":48,"column":55}},"line":48},"5":{"name":"(anonymous_5)","decl":{"start":{"line":49,"column":4},"end":{"line":49,"column":5}},"loc":{"start":{"line":49,"column":10},"end":{"line":49,"column":30}},"line":49},"6":{"name":"(anonymous_6)","decl":{"start":{"line":53,"column":22},"end":{"line":53,"column":23}},"loc":{"start":{"line":53,"column":79},"end":{"line":62,"column":1}},"line":53},"7":{"name":"(anonymous_7)","decl":{"start":{"line":57,"column":4},"end":{"line":57,"column":5}},"loc":{"start":{"line":57,"column":27},"end":{"line":59,"column":5}},"line":57},"8":{"name":"(anonymous_8)","decl":{"start":{"line":64,"column":22},"end":{"line":64,"column":23}},"loc":{"start":{"line":64,"column":28},"end":{"line":64,"column":48}},"line":64},"9":{"name":"(anonymous_9)","decl":{"start":{"line":66,"column":29},"end":{"line":66,"column":30}},"loc":{"start":{"line":67,"column":2},"end":{"line":67,"column":78}},"line":67},"10":{"name":"(anonymous_10)","decl":{"start":{"line":69,"column":30},"end":{"line":69,"column":31}},"loc":{"start":{"line":76,"column":2},"end":{"line":81,"column":3}},"line":76}},"branchMap":{"0":{"loc":{"start":{"line":38,"column":2},"end":{"line":41,"column":3}},"type":"if","locations":[{"start":{"line":38,"column":2},"end":{"line":41,"column":3}},{"start":{},"end":{}}],"line":38}},"s":{"0":0,"1":0,"2":0,"3":0,"4":0,"5":0,"6":0,"7":0,"8":0,"9":0,"10":0,"11":0,"12":0,"13":0,"14":0,"15":0,"16":0,"17":0,"18":0,"19":0,"20":0,"21":0,"22":0,"23":0,"24":0},"f":{"0":0,"1":0,"2":0,"3":0,"4":0,"5":0,"6":0,"7":0,"8":0,"9":0,"10":0},"b":{"0":[0,0]}}
,"C:\\Users\\diego\\Desktop\\CUARTO INFORMATICA\\FD\\2025\\practica-fd\\gymtonic\\frontend\\src\\config\\constants.js": {"path":"C:\\Users\\diego\\Desktop\\CUARTO INFORMATICA\\FD\\2025\\practica-fd\\gymtonic\\frontend\\src\\config\\constants.js","statementMap":{"0":{"start":{"line":1,"column":22},"end":{"line":4,"column":1}}},"fnMap":{},"branchMap":{},"s":{"0":1},"f":{},"b":{},"_coverageSchema":"1a1c01bbd47fc00a2c39e90264f33305004495a9","hash":"05317d0f0cafaa1f322cf0b767faecf752c080dd"}
,"C:\\Users\\diego\\Desktop\\CUARTO INFORMATICA\\FD\\2025\\practica-fd\\gymtonic\\frontend\\src\\modules\\app\\index.js": {"path":"C:\\Users\\diego\\Desktop\\CUARTO INFORMATICA\\FD\\2025\\practica-fd\\gymtonic\\frontend\\src\\modules\\app\\index.js","statementMap":{},"fnMap":{},"branchMap":{},"s":{},"f":{},"b":{}}
,"C:\\Users\\diego\\Desktop\\CUARTO INFORMATICA\\FD\\2025\\practica-fd\\gymtonic\\frontend\\src\\modules\\app\\components\\App.js": {"path":"C:\\Users\\diego\\Desktop\\CUARTO INFORMATICA\\FD\\2025\\practica-fd\\gymtonic\\frontend\\src\\modules\\app\\components\\App.js","statementMap":{"0":{"start":{"line":7,"column":12},"end":{"line":13,"column":1}},"1":{"start":{"line":8,"column":2},"end":{"line":12,"column":4}}},"fnMap":{"0":{"name":"(anonymous_0)","decl":{"start":{"line":7,"column":12},"end":{"line":7,"column":13}},"loc":{"start":{"line":7,"column":18},"end":{"line":13,"column":1}},"line":7}},"branchMap":{},"s":{"0":0,"1":0},"f":{"0":0},"b":{}}
,"C:\\Users\\diego\\Desktop\\CUARTO INFORMATICA\\FD\\2025\\practica-fd\\gymtonic\\frontend\\src\\modules\\app\\components\\Body.js": {"path":"C:\\Users\\diego\\Desktop\\CUARTO INFORMATICA\\FD\\2025\\practica-fd\\gymtonic\\frontend\\src\\modules\\app\\components\\Body.js","statementMap":{"0":{"start":{"line":8,"column":13},"end":{"line":17,"column":1}},"1":{"start":{"line":9,"column":2},"end":{"line":16,"column":4}}},"fnMap":{"0":{"name":"(anonymous_0)","decl":{"start":{"line":8,"column":13},"end":{"line":8,"column":14}},"loc":{"start":{"line":8,"column":19},"end":{"line":17,"column":1}},"line":8}},"branchMap":{},"s":{"0":0,"1":0},"f":{"0":0},"b":{}}
,"C:\\Users\\diego\\Desktop\\CUARTO INFORMATICA\\FD\\2025\\practica-fd\\gymtonic\\frontend\\src\\modules\\app\\components\\Home.js": {"path":"C:\\Users\\diego\\Desktop\\CUARTO INFORMATICA\\FD\\2025\\practica-fd\\gymtonic\\frontend\\src\\modules\\app\\components\\Home.js","statementMap":{"0":{"start":{"line":7,"column":2},"end":{"line":13,"column":4}},"1":{"start":{"line":10,"column":6},"end":{"line":12,"column":7}},"2":{"start":{"line":16,"column":13},"end":{"line":69,"column":1}},"3":{"start":{"line":17,"column":32},"end":{"line":17,"column":44}},"4":{"start":{"line":18,"column":34},"end":{"line":18,"column":57}},"5":{"start":{"line":19,"column":30},"end":{"line":19,"column":44}},"6":{"start":{"line":21,"column":2},"end":{"line":27,"column":9}},"7":{"start":{"line":22,"column":4},"end":{"line":26,"column":9}},"8":{"start":{"line":23,"column":26},"end":{"line":23,"column":41}},"9":{"start":{"line":25,"column":8},"end":{"line":25,"column":26}},"10":{"start":{"line":29,"column":19},"end":{"line":32,"column":3}},"11":{"start":{"line":30,"column":4},"end":{"line":30,"column":24}},"12":{"start":{"line":31,"column":4},"end":{"line":31,"column":31}},"13":{"start":{"line":34,"column":2},"end":{"line":68,"column":4}},"14":{"start":{"line":57,"column":30},"end":{"line":57,"column":65}}},"fnMap":{"0":{"name":"rot13","decl":{"start":{"line":6,"column":9},"end":{"line":6,"column":14}},"loc":{"start":{"line":6,"column":18},"end":{"line":14,"column":1}},"line":6},"1":{"name":"(anonymous_1)","decl":{"start":{"line":9,"column":4},"end":{"line":9,"column":5}},"loc":{"start":{"line":10,"column":6},"end":{"line":12,"column":7}},"line":10},"2":{"name":"(anonymous_2)","decl":{"start":{"line":16,"column":13},"end":{"line":16,"column":14}},"loc":{"start":{"line":16,"column":19},"end":{"line":69,"column":1}},"line":16},"3":{"name":"(anonymous_3)","decl":{"start":{"line":21,"column":12},"end":{"line":21,"column":13}},"loc":{"start":{"line":21,"column":18},"end":{"line":27,"column":3}},"line":21},"4":{"name":"(anonymous_4)","decl":{"start":{"line":23,"column":12},"end":{"line":23,"column":13}},"loc":{"start":{"line":23,"column":26},"end":{"line":23,"column":41}},"line":23},"5":{"name":"(anonymous_5)","decl":{"start":{"line":24,"column":12},"end":{"line":24,"column":13}},"loc":{"start":{"line":24,"column":23},"end":{"line":26,"column":7}},"line":24},"6":{"name":"(anonymous_6)","decl":{"start":{"line":29,"column":19},"end":{"line":29,"column":20}},"loc":{"start":{"line":29,"column":27},"end":{"line":32,"column":3}},"line":29},"7":{"name":"(anonymous_7)","decl":{"start":{"line":57,"column":22},"end":{"line":57,"column":23}},"loc":{"start":{"line":57,"column":30},"end":{"line":57,"column":65}},"line":57}},"branchMap":{"0":{"loc":{"start":{"line":62,"column":7},"end":{"line":66,"column":7}},"type":"binary-expr","locations":[{"start":{"line":62,"column":7},"end":{"line":62,"column":13}},{"start":{"line":63,"column":8},"end":{"line":65,"column":12}}],"line":62}},"s":{"0":1,"1":28,"2":1,"3":4,"4":4,"5":4,"6":4,"7":1,"8":0,"9":0,"10":4,"11":1,"12":1,"13":4,"14":1},"f":{"0":1,"1":28,"2":4,"3":1,"4":0,"5":0,"6":1,"7":1},"b":{"0":[4,1]},"_coverageSchema":"1a1c01bbd47fc00a2c39e90264f33305004495a9","hash":"105fee7f42a832b02e4650b64f3dc0fdd88e5b2d"}
,"C:\\Users\\diego\\Desktop\\CUARTO INFORMATICA\\FD\\2025\\practica-fd\\gymtonic\\frontend\\src\\modules\\app\\components\\Test.js": {"path":"C:\\Users\\diego\\Desktop\\CUARTO INFORMATICA\\FD\\2025\\practica-fd\\gymtonic\\frontend\\src\\modules\\app\\components\\Test.js","statementMap":{"0":{"start":{"line":5,"column":13},"end":{"line":20,"column":1}},"1":{"start":{"line":6,"column":2},"end":{"line":19,"column":4}}},"fnMap":{"0":{"name":"(anonymous_0)","decl":{"start":{"line":5,"column":13},"end":{"line":5,"column":14}},"loc":{"start":{"line":5,"column":19},"end":{"line":20,"column":1}},"line":5}},"branchMap":{},"s":{"0":0,"1":0},"f":{"0":0},"b":{}}
}
