TN:
SF:src\index.js
FNF:0
FNH:0
DA:9,0
DA:10,0
LF:2
LH:0
BRF:0
BRH:0
end_of_record
TN:
SF:src\registerServiceWorker.js
FN:21,register
FN:32,(anonymous_1)
FN:41,(anonymous_2)
FN:55,registerValidSW
FN:58,(anonymous_4)
FN:59,(anonymous_5)
FN:61,(anonymous_6)
FN:79,(anonymous_7)
FN:84,checkValidServiceWorker
FN:87,(anonymous_9)
FN:94,(anonymous_10)
FN:95,(anonymous_11)
FN:104,(anonymous_12)
FN:111,unregister
FN:113,(anonymous_14)
FNF:15
FNH:0
FNDA:0,register
FNDA:0,(anonymous_1)
FNDA:0,(anonymous_2)
FNDA:0,registerValidSW
FNDA:0,(anonymous_4)
FNDA:0,(anonymous_5)
FNDA:0,(anonymous_6)
FNDA:0,(anonymous_7)
FNDA:0,checkValidServiceWorker
FNDA:0,(anonymous_9)
FNDA:0,(anonymous_10)
FNDA:0,(anonymous_11)
FNDA:0,(anonymous_12)
FNDA:0,unregister
FNDA:0,(anonymous_14)
DA:11,0
DA:22,0
DA:24,0
DA:25,0
DA:29,0
DA:32,0
DA:33,0
DA:35,0
DA:37,0
DA:41,0
DA:42,0
DA:49,0
DA:56,0
DA:59,0
DA:60,0
DA:61,0
DA:62,0
DA:63,0
DA:68,0
DA:73,0
DA:80,0
DA:86,0
DA:89,0
DA:94,0
DA:95,0
DA:96,0
DA:101,0
DA:105,0
DA:112,0
DA:113,0
DA:114,0
LF:31
LH:0
BRDA:12,0,0,0
BRDA:12,0,1,0
BRDA:12,0,2,0
BRDA:22,1,0,0
BRDA:22,1,1,0
BRDA:22,2,0,0
BRDA:22,2,1,0
BRDA:25,3,0,0
BRDA:25,3,1,0
BRDA:35,4,0,0
BRDA:35,4,1,0
BRDA:62,5,0,0
BRDA:62,5,1,0
BRDA:63,6,0,0
BRDA:63,6,1,0
BRDA:89,7,0,0
BRDA:89,7,1,0
BRDA:90,8,0,0
BRDA:90,8,1,0
BRDA:112,9,0,0
BRDA:112,9,1,0
BRF:21
BRH:0
end_of_record
TN:
SF:src\backend\NetworkError.js
FN:2,(anonymous_0)
FNF:1
FNH:0
FNDA:0,(anonymous_0)
DA:3,0
LF:1
LH:0
BRF:0
BRH:0
end_of_record
TN:
SF:src\backend\appFetch.js
FN:7,(anonymous_0)
FN:13,(anonymous_1)
FN:28,(anonymous_2)
FN:30,(anonymous_3)
FN:36,(anonymous_4)
FN:51,(anonymous_5)
FN:61,(anonymous_6)
FN:73,(anonymous_7)
FN:75,(anonymous_8)
FN:78,(anonymous_9)
FN:81,(anonymous_10)
FN:84,(anonymous_11)
FN:87,(anonymous_12)
FN:114,(anonymous_13)
FN:116,(anonymous_14)
FNF:15
FNH:0
FNDA:0,(anonymous_0)
FNDA:0,(anonymous_1)
FNDA:0,(anonymous_2)
FNDA:0,(anonymous_3)
FNDA:0,(anonymous_4)
FNDA:0,(anonymous_5)
FNDA:0,(anonymous_6)
FNDA:0,(anonymous_7)
FNDA:0,(anonymous_8)
FNDA:0,(anonymous_9)
FNDA:0,(anonymous_10)
FNDA:0,(anonymous_11)
FNDA:0,(anonymous_12)
FNDA:0,(anonymous_13)
FNDA:0,(anonymous_14)
DA:7,0
DA:8,0
DA:10,0
DA:13,0
DA:14,0
DA:15,0
DA:18,0
DA:19,0
DA:22,0
DA:23,0
DA:24,0
DA:27,0
DA:28,0
DA:30,0
DA:33,0
DA:36,0
DA:37,0
DA:38,0
DA:41,0
DA:42,0
DA:43,0
DA:46,0
DA:47,0
DA:50,0
DA:51,0
DA:52,0
DA:53,0
DA:58,0
DA:61,0
DA:62,0
DA:63,0
DA:66,0
DA:67,0
DA:70,0
DA:73,0
DA:75,0
DA:76,0
DA:78,0
DA:79,0
DA:81,0
DA:82,0
DA:84,0
DA:85,0
DA:87,0
DA:88,0
DA:92,0
DA:93,0
DA:94,0
DA:96,0
DA:97,0
DA:101,0
DA:103,0
DA:104,0
DA:105,0
DA:107,0
DA:111,0
DA:114,0
DA:115,0
DA:116,0
LF:59
LH:0
BRDA:10,0,0,0
BRDA:10,0,1,0
BRDA:14,1,0,0
BRDA:14,1,1,0
BRDA:18,2,0,0
BRDA:18,2,1,0
BRDA:22,3,0,0
BRDA:22,3,1,0
BRDA:27,4,0,0
BRDA:27,4,1,0
BRDA:37,5,0,0
BRDA:37,5,1,0
BRDA:37,6,0,0
BRDA:37,6,1,0
BRDA:41,7,0,0
BRDA:41,7,1,0
BRDA:41,8,0,0
BRDA:41,8,1,0
BRDA:46,9,0,0
BRDA:46,9,1,0
BRDA:50,10,0,0
BRDA:50,10,1,0
BRDA:52,11,0,0
BRDA:52,11,1,0
BRDA:52,12,0,0
BRDA:52,12,1,0
BRDA:62,13,0,0
BRDA:62,13,1,0
BRDA:66,14,0,0
BRDA:66,14,1,0
BRDA:92,15,0,0
BRDA:92,15,1,0
BRDA:93,16,0,0
BRDA:93,16,1,0
BRDA:103,17,0,0
BRDA:103,17,1,0
BRDA:104,18,0,0
BRDA:104,18,1,0
BRF:38
BRH:0
end_of_record
TN:
SF:src\backend\index.js
FNF:0
FNH:0
LF:0
LH:0
BRF:0
BRH:0
end_of_record
TN:
SF:src\backend\userService.js
FN:10,(anonymous_0)
FN:16,(anonymous_1)
FN:26,(anonymous_2)
FN:32,(anonymous_3)
FN:48,(anonymous_4)
FN:49,(anonymous_5)
FN:53,(anonymous_6)
FN:57,(anonymous_7)
FN:64,(anonymous_8)
FN:66,(anonymous_9)
FN:69,(anonymous_10)
FNF:11
FNH:0
FNDA:0,(anonymous_0)
FNDA:0,(anonymous_1)
FNDA:0,(anonymous_2)
FNDA:0,(anonymous_3)
FNDA:0,(anonymous_4)
FNDA:0,(anonymous_5)
FNDA:0,(anonymous_6)
FNDA:0,(anonymous_7)
FNDA:0,(anonymous_8)
FNDA:0,(anonymous_9)
FNDA:0,(anonymous_10)
DA:10,0
DA:11,0
DA:12,0
DA:13,0
DA:16,0
DA:23,0
DA:27,0
DA:32,0
DA:36,0
DA:38,0
DA:39,0
DA:40,0
DA:43,0
DA:45,0
DA:48,0
DA:49,0
DA:53,0
DA:54,0
DA:58,0
DA:64,0
DA:66,0
DA:67,0
DA:69,0
DA:76,0
LF:24
LH:0
BRDA:38,0,0,0
BRDA:38,0,1,0
BRF:2
BRH:0
end_of_record
TN:
SF:src\config\constants.js
FNF:0
FNH:0
DA:1,1
LF:1
LH:1
BRF:0
BRH:0
end_of_record
TN:
SF:src\modules\app\index.js
FNF:0
FNH:0
LF:0
LH:0
BRF:0
BRH:0
end_of_record
TN:
SF:src\modules\app\components\App.js
FN:7,(anonymous_0)
FNF:1
FNH:0
FNDA:0,(anonymous_0)
DA:7,0
DA:8,0
LF:2
LH:0
BRF:0
BRH:0
end_of_record
TN:
SF:src\modules\app\components\Body.js
FN:8,(anonymous_0)
FNF:1
FNH:0
FNDA:0,(anonymous_0)
DA:8,0
DA:9,0
LF:2
LH:0
BRF:0
BRH:0
end_of_record
TN:
SF:src\modules\app\components\Home.js
FN:6,rot13
FN:9,(anonymous_1)
FN:16,(anonymous_2)
FN:21,(anonymous_3)
FN:23,(anonymous_4)
FN:24,(anonymous_5)
FN:29,(anonymous_6)
FNF:7
FNH:0
FNDA:0,rot13
FNDA:0,(anonymous_1)
FNDA:0,(anonymous_2)
FNDA:0,(anonymous_3)
FNDA:0,(anonymous_4)
FNDA:0,(anonymous_5)
FNDA:0,(anonymous_6)
DA:7,0
DA:10,0
DA:16,1
DA:17,0
DA:18,0
DA:19,0
DA:21,0
DA:22,0
DA:23,0
DA:25,0
DA:29,0
DA:30,0
DA:31,0
DA:34,0
LF:14
LH:1
BRF:0
BRH:0
end_of_record
TN:
SF:src\modules\app\components\Test.js
FN:5,(anonymous_0)
FNF:1
FNH:0
FNDA:0,(anonymous_0)
DA:5,0
DA:6,0
LF:2
LH:0
BRF:0
BRH:0
end_of_record
