<?xml version="1.0" encoding="UTF-8"?>
<testsuite xmlns:xsi="http://www.w3.org/2001/XMLSchema-instance" xsi:noNamespaceSchemaLocation="https://maven.apache.org/surefire/maven-surefire-plugin/xsd/surefire-test-report-3.0.xsd" version="3.0" name="es.udc.fi.dc.fd.rest.UserControllerTest" time="2.928" tests="1" errors="0" skipped="0" failures="0">
  <properties>
[...]
</properties>
  <testcase name="testPostLogin_Ok" classname="es.udc.fi.dc.fd.rest.UserControllerTest" time="0.774">
    <system-out><![CDATA[2025-09-20T12:05:32.758+02:00  INFO 22144 --- [           main] o.s.b.d.r.RestartApplicationListener     : Restart disabled due to context in which it is running

  .   ____          _            __ _ _
 /\\ / ___'_ __ _ _(_)_ __  __ _ \ \ \ \
( ( )\___ | '_ | '_| | '_ \/ _` | \ \ \ \
 \\/  ___)| |_)| | | | | || (_| |  ) ) ) )
  '  |____| .__|_| |_|_| |_\__, | / / / /
 =========|_|==============|___/=/_/_/_/

 :: Spring Boot ::                (v3.3.3)

2025-09-20T12:05:32.809+02:00  INFO 22144 --- [           main] e.udc.fi.dc.fd.rest.UserControllerTest   : Starting UserControllerTest using Java 17.0.8.1 with PID 22144 (started by diego in C:\Users\diego\Desktop\CUARTO INFORMATICA\FD\2025\practica-fd\gymtonic)
2025-09-20T12:05:32.809+02:00  INFO 22144 --- [           main] e.udc.fi.dc.fd.rest.UserControllerTest   : The following 1 profile is active: "test"
2025-09-20T12:05:33.258+02:00  INFO 22144 --- [           main] .s.d.r.c.RepositoryConfigurationDelegate : Bootstrapping Spring Data JPA repositories in DEFAULT mode.
2025-09-20T12:05:33.282+02:00  INFO 22144 --- [           main] .s.d.r.c.RepositoryConfigurationDelegate : Finished Spring Data repository scanning in 24 ms. Found 2 JPA repository interfaces.
2025-09-20T12:05:33.427+02:00  INFO 22144 --- [           main] com.zaxxer.hikari.HikariDataSource       : HikariPool-2 - Starting...
2025-09-20T12:05:33.428+02:00  INFO 22144 --- [           main] com.zaxxer.hikari.pool.HikariPool        : HikariPool-2 - Added connection conn10: url=jdbc:h2:mem:gym_tonic user=SA
2025-09-20T12:05:33.428+02:00  INFO 22144 --- [           main] com.zaxxer.hikari.HikariDataSource       : HikariPool-2 - Start completed.
2025-09-20T12:05:33.480+02:00  INFO 22144 --- [           main] o.hibernate.jpa.internal.util.LogHelper  : HHH000204: Processing PersistenceUnitInfo [name: default]
2025-09-20T12:05:33.484+02:00  INFO 22144 --- [           main] o.h.c.internal.RegionFactoryInitiator    : HHH000026: Second-level cache disabled
2025-09-20T12:05:33.504+02:00  INFO 22144 --- [           main] o.s.o.j.p.SpringPersistenceUnitInfo      : No LoadTimeWeaver setup: ignoring JPA class transformer
2025-09-20T12:05:33.645+02:00  INFO 22144 --- [           main] o.h.e.t.j.p.i.JtaPlatformInitiator       : HHH000489: No JTA platform available (set 'hibernate.transaction.jta.platform' to enable JTA platform integration)
2025-09-20T12:05:33.645+02:00  INFO 22144 --- [           main] j.LocalContainerEntityManagerFactoryBean : Initialized JPA EntityManagerFactory for persistence unit 'default'
2025-09-20T12:05:33.883+02:00  WARN 22144 --- [           main] JpaBaseConfiguration$JpaWebConfiguration : spring.jpa.open-in-view is enabled by default. Therefore, database queries may be performed during view rendering. Explicitly configure spring.jpa.open-in-view to disable this warning
2025-09-20T12:05:34.472+02:00  INFO 22144 --- [           main] o.s.b.a.e.web.EndpointLinksResolver      : Exposing 1 endpoint beneath base path '/actuator'
2025-09-20T12:05:34.864+02:00  INFO 22144 --- [           main] o.s.b.t.m.w.SpringBootMockServletContext : Initializing Spring TestDispatcherServlet ''
2025-09-20T12:05:34.864+02:00  INFO 22144 --- [           main] o.s.t.web.servlet.TestDispatcherServlet  : Initializing Servlet ''
2025-09-20T12:05:34.867+02:00  INFO 22144 --- [           main] o.s.t.web.servlet.TestDispatcherServlet  : Completed initialization in 3 ms
2025-09-20T12:05:34.902+02:00  INFO 22144 --- [           main] e.udc.fi.dc.fd.rest.UserControllerTest   : Started UserControllerTest in 2.143 seconds (process running for 19.936)
2025-09-20T12:05:35.001+02:00 DEBUG 22144 --- [           main] org.hibernate.SQL                        : insert into Users (email,firstName,lastName,password,role,userName,id) values (?,?,?,?,?,?,default)
2025-09-20T12:05:35.039+02:00 DEBUG 22144 --- [           main] org.hibernate.SQL                        : select u1_0.id,u1_0.email,u1_0.firstName,u1_0.lastName,u1_0.password,u1_0.role,u1_0.userName from Users u1_0 where u1_0.userName=?
2025-09-20T12:05:35.543+02:00 DEBUG 22144 --- [           main] org.hibernate.SQL                        : select u1_0.id,u1_0.email,u1_0.firstName,u1_0.lastName,u1_0.password,u1_0.role,u1_0.userName from Users u1_0 where u1_0.userName=?
]]></system-out>
  </testcase>
</testsuite>