<?xml version="1.0" encoding="UTF-8"?>
<testsuite xmlns:xsi="http://www.w3.org/2001/XMLSchema-instance" xsi:noNamespaceSchemaLocation="https://maven.apache.org/surefire/maven-surefire-plugin/xsd/surefire-test-report-3.0.xsd" version="3.0" name="es.udc.fi.dc.fd.model.services.UserServiceTest" time="14.086" tests="1" errors="0" skipped="0" failures="0">
  <properties>
[...]
</properties>
  <testcase name="testSignUpAndLoginFromId" classname="es.udc.fi.dc.fd.model.services.UserServiceTest" time="1.299">
    <system-out><![CDATA[16:29:06.997 [main] INFO org.springframework.test.context.support.AnnotationConfigContextLoaderUtils -- Could not detect default configuration classes for test class [es.udc.fi.dc.fd.model.services.UserServiceTest]: UserServiceTest does not declare any static, non-private, non-final, nested classes annotated with @Configuration.
16:29:07.320 [main] INFO org.springframework.boot.test.context.SpringBootTestContextBootstrapper -- Found @SpringBootConfiguration es.udc.fi.dc.fd.Application for test class es.udc.fi.dc.fd.model.services.UserServiceTest
16:29:07.730 [main] INFO org.springframework.test.context.support.AnnotationConfigContextLoaderUtils -- Could not detect default configuration classes for test class [es.udc.fi.dc.fd.rest.UserControllerTest]: UserControllerTest does not declare any static, non-private, non-final, nested classes annotated with @Configuration.
16:29:07.773 [main] INFO org.springframework.boot.test.context.SpringBootTestContextBootstrapper -- Found @SpringBootConfiguration es.udc.fi.dc.fd.Application for test class es.udc.fi.dc.fd.rest.UserControllerTest
16:29:07.787 [main] INFO org.springframework.test.context.support.AnnotationConfigContextLoaderUtils -- Could not detect default configuration classes for test class [es.udc.fi.dc.fd.model.services.UserServiceTest]: UserServiceTest does not declare any static, non-private, non-final, nested classes annotated with @Configuration.
16:29:07.791 [main] INFO org.springframework.boot.test.context.SpringBootTestContextBootstrapper -- Found @SpringBootConfiguration es.udc.fi.dc.fd.Application for test class es.udc.fi.dc.fd.model.services.UserServiceTest
16:29:07.797 [main] INFO org.springframework.test.context.support.AnnotationConfigContextLoaderUtils -- Could not detect default configuration classes for test class [es.udc.fi.dc.fd.rest.UserControllerTest]: UserControllerTest does not declare any static, non-private, non-final, nested classes annotated with @Configuration.
16:29:07.807 [main] INFO org.springframework.boot.test.context.SpringBootTestContextBootstrapper -- Found @SpringBootConfiguration es.udc.fi.dc.fd.Application for test class es.udc.fi.dc.fd.rest.UserControllerTest
16:29:08.077 [main] INFO org.springframework.boot.devtools.restart.RestartApplicationListener -- Restart disabled due to context in which it is running

  .   ____          _            __ _ _
 /\\ / ___'_ __ _ _(_)_ __  __ _ \ \ \ \
( ( )\___ | '_ | '_| | '_ \/ _` | \ \ \ \
 \\/  ___)| |_)| | | | | || (_| |  ) ) ) )
  '  |____| .__|_| |_|_| |_\__, | / / / /
 =========|_|==============|___/=/_/_/_/

 :: Spring Boot ::                (v3.3.3)

2025-09-10T16:29:08.861+02:00  INFO 13468 --- [           main] e.u.f.d.f.m.services.UserServiceTest     : Starting UserServiceTest using Java 21.0.6 with PID 13468 (started by Usuario in C:\Users\Usuario\gym-tonic)
2025-09-10T16:29:08.863+02:00  INFO 13468 --- [           main] e.u.f.d.f.m.services.UserServiceTest     : The following 1 profile is active: "test"
2025-09-10T16:29:11.292+02:00  INFO 13468 --- [           main] .s.d.r.c.RepositoryConfigurationDelegate : Bootstrapping Spring Data JPA repositories in DEFAULT mode.
2025-09-10T16:29:11.452+02:00  INFO 13468 --- [           main] .s.d.r.c.RepositoryConfigurationDelegate : Finished Spring Data repository scanning in 128 ms. Found 1 JPA repository interface.
2025-09-10T16:29:12.906+02:00  INFO 13468 --- [           main] com.zaxxer.hikari.HikariDataSource       : HikariPool-1 - Starting...
2025-09-10T16:29:13.616+02:00  INFO 13468 --- [           main] com.zaxxer.hikari.pool.HikariPool        : HikariPool-1 - Added connection conn0: url=jdbc:h2:mem:gym_tonic user=SA
2025-09-10T16:29:13.621+02:00  INFO 13468 --- [           main] com.zaxxer.hikari.HikariDataSource       : HikariPool-1 - Start completed.
2025-09-10T16:29:13.907+02:00  INFO 13468 --- [           main] o.hibernate.jpa.internal.util.LogHelper  : HHH000204: Processing PersistenceUnitInfo [name: default]
2025-09-10T16:29:14.151+02:00  INFO 13468 --- [           main] org.hibernate.Version                    : HHH000412: Hibernate ORM core version 6.5.2.Final
2025-09-10T16:29:14.238+02:00  INFO 13468 --- [           main] o.h.c.internal.RegionFactoryInitiator    : HHH000026: Second-level cache disabled
2025-09-10T16:29:15.039+02:00  INFO 13468 --- [           main] o.s.o.j.p.SpringPersistenceUnitInfo      : No LoadTimeWeaver setup: ignoring JPA class transformer
2025-09-10T16:29:17.072+02:00  INFO 13468 --- [           main] o.h.e.t.j.p.i.JtaPlatformInitiator       : HHH000489: No JTA platform available (set 'hibernate.transaction.jta.platform' to enable JTA platform integration)
2025-09-10T16:29:17.072+02:00  INFO 13468 --- [           main] j.LocalContainerEntityManagerFactoryBean : Initialized JPA EntityManagerFactory for persistence unit 'default'
2025-09-10T16:29:18.134+02:00  WARN 13468 --- [           main] JpaBaseConfiguration$JpaWebConfiguration : spring.jpa.open-in-view is enabled by default. Therefore, database queries may be performed during view rendering. Explicitly configure spring.jpa.open-in-view to disable this warning
2025-09-10T16:29:19.349+02:00  INFO 13468 --- [           main] o.s.b.a.e.web.EndpointLinksResolver      : Exposing 1 endpoint beneath base path '/actuator'
2025-09-10T16:29:20.568+02:00  INFO 13468 --- [           main] e.u.f.d.f.m.services.UserServiceTest     : Started UserServiceTest in 12.527 seconds (process running for 15.152)
2025-09-10T16:29:21.665+02:00 DEBUG 13468 --- [           main] org.hibernate.SQL                        : select u1_0.id from Users u1_0 where u1_0.userName=? fetch first ? rows only
2025-09-10T16:29:21.948+02:00 DEBUG 13468 --- [           main] org.hibernate.SQL                        : insert into Users (email,firstName,lastName,password,role,userName,id) values (?,?,?,?,?,?,default)
]]></system-out>
    <system-err><![CDATA[WARNING: A Java agent has been loaded dynamically (C:\Users\Usuario\.m2\repository\net\bytebuddy\byte-buddy-agent\1.14.19\byte-buddy-agent-1.14.19.jar)
WARNING: If a serviceability tool is in use, please run with -XX:+EnableDynamicAgentLoading to hide this warning
WARNING: If a serviceability tool is not in use, please run with -Djdk.instrument.traceUsage for more information
WARNING: Dynamic loading of agents will be disallowed by default in a future release
]]></system-err>
  </testcase>
</testsuite>